android/app/build/intermediates/manifest_merge_blame_file/debug/manifest-merger-blame-debug-report.txt
1<?xml version="1.0" encoding="utf-8"?>
2<manifest xmlns:android="http://schemas.android.com/apk/res/android"
3    package="com.maternitycare_demo"
4    android:versionCode="5"
5    android:versionName="1.0" >
6
7    <uses-sdk
8        android:minSdkVersion="21"
9        android:targetSdkVersion="33" />
10
11    <uses-permission android:name="android.permission.SYSTEM_ALERT_WINDOW" />
11-->src\debug\AndroidManifest.xml:5:5-77
11-->src\debug\AndroidManifest.xml:5:22-75
12    <uses-permission android:name="android.permission.ACCESS_NETWORK_STATE" />
12-->src\main\AndroidManifest.xml:5:5-79
12-->src\main\AndroidManifest.xml:5:22-76
13    <uses-permission android:name="android.permission.BLUETOOTH" />
13-->src\main\AndroidManifest.xml:6:5-68
13-->src\main\AndroidManifest.xml:6:22-65
14    <uses-permission android:name="android.permission.CAMERA" />
14-->src\main\AndroidManifest.xml:7:5-65
14-->src\main\AndroidManifest.xml:7:22-62
15    <uses-permission android:name="android.permission.INTERNET" />
15-->src\main\AndroidManifest.xml:3:5-67
15-->src\main\AndroidManifest.xml:3:22-64
16    <uses-permission android:name="android.permission.MANAGE_OWN_CALLS" />
16-->src\main\AndroidManifest.xml:8:5-75
16-->src\main\AndroidManifest.xml:8:22-72
17    <uses-permission android:name="android.permission.MODIFY_AUDIO_SETTINGS" />
17-->src\main\AndroidManifest.xml:9:5-80
17-->src\main\AndroidManifest.xml:9:22-77
18    <uses-permission android:name="android.permission.RECORD_AUDIO" />
18-->src\main\AndroidManifest.xml:10:5-71
18-->src\main\AndroidManifest.xml:10:22-68
19    <uses-permission android:name="android.permission.WAKE_LOCK" />
19-->src\main\AndroidManifest.xml:11:5-68
19-->src\main\AndroidManifest.xml:11:22-65
20    <uses-permission android:name="android.permission.ACCESS_WIFI_STATE" />
20-->src\main\AndroidManifest.xml:12:5-76
20-->src\main\AndroidManifest.xml:12:22-73
21    <uses-permission android:name="android.permission.FOREGROUND_SERVICE" />
21-->src\main\AndroidManifest.xml:13:5-77
21-->src\main\AndroidManifest.xml:13:22-74
22    <uses-permission android:name="android.permission.WRITE_CALENDAR" />
22-->[:react-native-calendar-events] AndroidManifest.xml:7:5-73
22-->[:react-native-calendar-events] AndroidManifest.xml:7:22-70
23    <uses-permission android:name="android.permission.READ_CALENDAR" />
23-->[:react-native-calendar-events] AndroidManifest.xml:8:5-72
23-->[:react-native-calendar-events] AndroidManifest.xml:8:22-69
24    <uses-permission android:name="android.permission.WRITE_EXTERNAL_STORAGE" />
24-->[:react-native-fs] AndroidManifest.xml:7:5-81
24-->[:react-native-fs] AndroidManifest.xml:7:22-78
25    <uses-permission android:name="android.permission.READ_EXTERNAL_STORAGE" /> <!-- Required by older versions of Google Play services to create IID tokens -->
26    <uses-permission android:name="com.google.android.c2dm.permission.RECEIVE" />
26-->[com.google.android.gms:play-services-iid:17.0.0] AndroidManifest.xml:23:5-82
26-->[com.google.android.gms:play-services-iid:17.0.0] AndroidManifest.xml:23:22-79
27
28    <uses-feature
28-->[com.google.android.gms:play-services-maps:18.2.0] AndroidManifest.xml:26:5-28:35
29        android:glEsVersion="0x00020000"
29-->[com.google.android.gms:play-services-maps:18.2.0] AndroidManifest.xml:27:9-41
30        android:required="true" />
30-->[com.google.android.gms:play-services-maps:18.2.0] AndroidManifest.xml:28:9-32
31
32    <queries>
32-->[com.google.android.gms:play-services-maps:18.2.0] AndroidManifest.xml:30:5-34:15
33
34        <!-- Needs to be explicitly declared on Android R+ -->
35        <package android:name="com.google.android.apps.maps" />
35-->[com.google.android.gms:play-services-maps:18.2.0] AndroidManifest.xml:33:9-64
35-->[com.google.android.gms:play-services-maps:18.2.0] AndroidManifest.xml:33:18-61
36    </queries>
37
38    <uses-permission android:name="android.permission.RECEIVE_BOOT_COMPLETED" />
38-->[androidx.work:work-runtime:2.7.1] AndroidManifest.xml:27:5-81
38-->[androidx.work:work-runtime:2.7.1] AndroidManifest.xml:27:22-78
39
40    <permission
40-->[androidx.core:core:1.9.0] AndroidManifest.xml:22:5-24:47
41        android:name="com.maternitycare_demo.DYNAMIC_RECEIVER_NOT_EXPORTED_PERMISSION"
41-->[androidx.core:core:1.9.0] AndroidManifest.xml:23:9-81
42        android:protectionLevel="signature" />
42-->[androidx.core:core:1.9.0] AndroidManifest.xml:24:9-44
43
44    <uses-permission android:name="com.maternitycare_demo.DYNAMIC_RECEIVER_NOT_EXPORTED_PERMISSION" />
44-->[androidx.core:core:1.9.0] AndroidManifest.xml:26:5-97
44-->[androidx.core:core:1.9.0] AndroidManifest.xml:26:22-94
45    <uses-permission android:name="com.google.android.finsky.permission.BIND_GET_INSTALL_REFERRER_SERVICE" />
45-->[com.android.installreferrer:installreferrer:1.1.2] AndroidManifest.xml:9:5-110
45-->[com.android.installreferrer:installreferrer:1.1.2] AndroidManifest.xml:9:22-107
46
47    <application
47-->src\main\AndroidManifest.xml:15:5-39:19
48        android:name="com.maternitycare_demo.MainApplication"
48-->src\main\AndroidManifest.xml:16:7-38
49        android:allowBackup="false"
49-->src\main\AndroidManifest.xml:20:7-34
50        android:appComponentFactory="androidx.core.app.CoreComponentFactory"
50-->[androidx.core:core:1.9.0] AndroidManifest.xml:28:18-86
51        android:debuggable="true"
52        android:icon="@mipmap/ic_launcher"
52-->src\main\AndroidManifest.xml:18:7-41
53        android:label="@string/app_name"
53-->src\main\AndroidManifest.xml:17:7-39
54        android:roundIcon="@mipmap/ic_launcher"
54-->src\main\AndroidManifest.xml:19:7-46
55        android:theme="@style/AppTheme"
55-->src\main\AndroidManifest.xml:21:7-38
56        android:usesCleartextTraffic="true" >
56-->src\debug\AndroidManifest.xml:19:9-44
57        <activity
57-->src\debug\AndroidManifest.xml:22:9-111
58            android:name="com.facebook.react.devsupport.DevSettingsActivity"
58-->src\debug\AndroidManifest.xml:22:19-83
59            android:exported="false" />
59-->src\debug\AndroidManifest.xml:22:84-108
60        <activity
60-->src\main\AndroidManifest.xml:22:7-33:18
61            android:name="com.maternitycare_demo.MainActivity"
61-->src\main\AndroidManifest.xml:23:9-37
62            android:configChanges="keyboard|keyboardHidden|orientation|screenLayout|screenSize|smallestScreenSize|uiMode"
62-->src\main\AndroidManifest.xml:25:9-118
63            android:exported="true"
63-->src\main\AndroidManifest.xml:28:9-32
64            android:label="@string/app_name"
64-->src\main\AndroidManifest.xml:24:9-41
65            android:launchMode="singleTask"
65-->src\main\AndroidManifest.xml:26:9-40
66            android:windowSoftInputMode="adjustResize" >
66-->src\main\AndroidManifest.xml:27:9-51
67            <intent-filter>
67-->src\main\AndroidManifest.xml:29:9-32:25
68                <action android:name="android.intent.action.MAIN" />
68-->src\main\AndroidManifest.xml:30:13-65
68-->src\main\AndroidManifest.xml:30:21-62
69
70                <category android:name="android.intent.category.LAUNCHER" />
70-->src\main\AndroidManifest.xml:31:13-73
70-->src\main\AndroidManifest.xml:31:23-70
71            </intent-filter>
72        </activity>
73
74        <meta-data
74-->src\main\AndroidManifest.xml:35:9-37:63
75            android:name="com.google.android.geo.API_KEY"
75-->src\main\AndroidManifest.xml:36:6-51
76            android:value="AIzaSyAOVYRIgupAurZup5y1PRh8Ismb1A3lLao" />
76-->src\main\AndroidManifest.xml:37:6-61
77        <meta-data
77-->[:react-native-firebase_app] AndroidManifest.xml:9:9-11:36
78            android:name="app_data_collection_default_enabled"
78-->[:react-native-firebase_app] AndroidManifest.xml:10:13-63
79            android:value="true" />
79-->[:react-native-firebase_app] AndroidManifest.xml:11:13-33
80
81        <service
81-->[:react-native-firebase_app] AndroidManifest.xml:13:9-21:19
82            android:name="com.google.firebase.components.ComponentDiscoveryService"
82-->[:react-native-firebase_app] AndroidManifest.xml:14:13-84
83            android:directBootAware="true"
83-->[:react-native-firebase_app] AndroidManifest.xml:15:13-43
84            android:exported="false" >
84-->[:react-native-firebase_app] AndroidManifest.xml:16:13-37
85            <meta-data
85-->[:react-native-firebase_app] AndroidManifest.xml:18:13-20:85
86                android:name="com.google.firebase.components:io.invertase.firebase.app.ReactNativeFirebaseAppRegistrar"
86-->[:react-native-firebase_app] AndroidManifest.xml:19:17-120
87                android:value="com.google.firebase.components.ComponentRegistrar" />
87-->[:react-native-firebase_app] AndroidManifest.xml:20:17-82
88            <meta-data
88-->[com.google.firebase:firebase-firestore:24.4.5] AndroidManifest.xml:19:13-21:85
89                android:name="com.google.firebase.components:com.google.firebase.firestore.FirestoreRegistrar"
89-->[com.google.firebase:firebase-firestore:24.4.5] AndroidManifest.xml:20:17-111
90                android:value="com.google.firebase.components.ComponentRegistrar" />
90-->[com.google.firebase:firebase-firestore:24.4.5] AndroidManifest.xml:21:17-82
91            <meta-data
91-->[com.google.firebase:firebase-auth:21.2.0] AndroidManifest.xml:69:13-71:85
92                android:name="com.google.firebase.components:com.google.firebase.auth.FirebaseAuthRegistrar"
92-->[com.google.firebase:firebase-auth:21.2.0] AndroidManifest.xml:70:17-109
93                android:value="com.google.firebase.components.ComponentRegistrar" />
93-->[com.google.firebase:firebase-auth:21.2.0] AndroidManifest.xml:71:17-82
94            <meta-data
94-->[com.google.firebase:firebase-storage:20.1.0] AndroidManifest.xml:32:13-34:85
95                android:name="com.google.firebase.components:com.google.firebase.storage.StorageRegistrar"
95-->[com.google.firebase:firebase-storage:20.1.0] AndroidManifest.xml:33:17-107
96                android:value="com.google.firebase.components.ComponentRegistrar" />
96-->[com.google.firebase:firebase-storage:20.1.0] AndroidManifest.xml:34:17-82
97            <meta-data
97-->[com.google.firebase:firebase-database:20.1.0] AndroidManifest.xml:31:13-33:85
98                android:name="com.google.firebase.components:com.google.firebase.database.DatabaseRegistrar"
98-->[com.google.firebase:firebase-database:20.1.0] AndroidManifest.xml:32:17-109
99                android:value="com.google.firebase.components.ComponentRegistrar" />
99-->[com.google.firebase:firebase-database:20.1.0] AndroidManifest.xml:33:17-82
100        </service>
101
102        <provider
102-->[:react-native-firebase_app] AndroidManifest.xml:23:9-27:38
103            android:name="io.invertase.firebase.app.ReactNativeFirebaseAppInitProvider"
103-->[:react-native-firebase_app] AndroidManifest.xml:24:13-88
104            android:authorities="com.maternitycare_demo.reactnativefirebaseappinitprovider"
104-->[:react-native-firebase_app] AndroidManifest.xml:25:13-86
105            android:exported="false"
105-->[:react-native-firebase_app] AndroidManifest.xml:26:13-37
106            android:initOrder="99" />
106-->[:react-native-firebase_app] AndroidManifest.xml:27:13-35
107        <provider
107-->[:react-native-performance] AndroidManifest.xml:8:9-12:39
108            android:name="com.oblador.performance.StartTimeProvider"
108-->[:react-native-performance] AndroidManifest.xml:9:13-69
109            android:authorities="com.maternitycare_demo.start.time.provider"
109-->[:react-native-performance] AndroidManifest.xml:10:13-71
110            android:exported="false"
110-->[:react-native-performance] AndroidManifest.xml:11:13-37
111            android:initOrder="200" />
111-->[:react-native-performance] AndroidManifest.xml:12:13-36
112        <provider
112-->[:react-native-share] AndroidManifest.xml:8:9-16:20
113            android:name="cl.json.RNShareFileProvider"
113-->[:react-native-share] AndroidManifest.xml:9:13-55
114            android:authorities="com.maternitycare_demo.rnshare.fileprovider"
114-->[:react-native-share] AndroidManifest.xml:10:13-72
115            android:exported="false"
115-->[:react-native-share] AndroidManifest.xml:11:13-37
116            android:grantUriPermissions="true" >
116-->[:react-native-share] AndroidManifest.xml:12:13-47
117            <meta-data
117-->[:react-native-share] AndroidManifest.xml:13:13-15:64
118                android:name="android.support.FILE_PROVIDER_PATHS"
118-->[:react-native-share] AndroidManifest.xml:14:17-67
119                android:resource="@xml/share_download_paths" />
119-->[:react-native-share] AndroidManifest.xml:15:17-61
120        </provider>
121        <provider
121-->[:react-native-webview] AndroidManifest.xml:8:9-16:20
122            android:name="com.reactnativecommunity.webview.RNCWebViewFileProvider"
122-->[:react-native-webview] AndroidManifest.xml:9:13-83
123            android:authorities="com.maternitycare_demo.fileprovider"
123-->[:react-native-webview] AndroidManifest.xml:10:13-64
124            android:exported="false"
124-->[:react-native-webview] AndroidManifest.xml:11:13-37
125            android:grantUriPermissions="true" >
125-->[:react-native-webview] AndroidManifest.xml:12:13-47
126            <meta-data
126-->[:react-native-share] AndroidManifest.xml:13:13-15:64
127                android:name="android.support.FILE_PROVIDER_PATHS"
127-->[:react-native-share] AndroidManifest.xml:14:17-67
128                android:resource="@xml/file_provider_paths" />
128-->[:react-native-share] AndroidManifest.xml:15:17-61
129        </provider>
130
131        <uses-library
131-->[com.giphy.sdk:ui:2.3.4] AndroidManifest.xml:12:9-14:40
132            android:name="android.test.runner"
132-->[com.giphy.sdk:ui:2.3.4] AndroidManifest.xml:13:13-47
133            android:required="false" />
133-->[com.giphy.sdk:ui:2.3.4] AndroidManifest.xml:14:13-37
134        <uses-library
134-->[com.giphy.sdk:ui:2.3.4] AndroidManifest.xml:15:9-17:40
135            android:name="android.test.base"
135-->[com.giphy.sdk:ui:2.3.4] AndroidManifest.xml:16:13-45
136            android:required="false" />
136-->[com.giphy.sdk:ui:2.3.4] AndroidManifest.xml:17:13-37
137        <uses-library
137-->[com.giphy.sdk:ui:2.3.4] AndroidManifest.xml:18:9-20:40
138            android:name="android.test.mock"
138-->[com.giphy.sdk:ui:2.3.4] AndroidManifest.xml:19:13-45
139            android:required="false" />
139-->[com.giphy.sdk:ui:2.3.4] AndroidManifest.xml:20:13-37
140
141        <activity
141-->[com.google.firebase:firebase-auth:21.2.0] AndroidManifest.xml:29:9-46:20
142            android:name="com.google.firebase.auth.internal.GenericIdpActivity"
142-->[com.google.firebase:firebase-auth:21.2.0] AndroidManifest.xml:30:13-80
143            android:excludeFromRecents="true"
143-->[com.google.firebase:firebase-auth:21.2.0] AndroidManifest.xml:31:13-46
144            android:exported="true"
144-->[com.google.firebase:firebase-auth:21.2.0] AndroidManifest.xml:32:13-36
145            android:launchMode="singleTask"
145-->[com.google.firebase:firebase-auth:21.2.0] AndroidManifest.xml:33:13-44
146            android:theme="@android:style/Theme.Translucent.NoTitleBar" >
146-->[com.google.firebase:firebase-auth:21.2.0] AndroidManifest.xml:34:13-72
147            <intent-filter>
147-->[com.google.firebase:firebase-auth:21.2.0] AndroidManifest.xml:35:13-45:29
148                <action android:name="android.intent.action.VIEW" />
148-->[com.google.firebase:firebase-auth:21.2.0] AndroidManifest.xml:36:17-69
148-->[com.google.firebase:firebase-auth:21.2.0] AndroidManifest.xml:36:25-66
149
150                <category android:name="android.intent.category.DEFAULT" />
150-->[com.google.firebase:firebase-auth:21.2.0] AndroidManifest.xml:38:17-76
150-->[com.google.firebase:firebase-auth:21.2.0] AndroidManifest.xml:38:27-73
151                <category android:name="android.intent.category.BROWSABLE" />
151-->[com.google.firebase:firebase-auth:21.2.0] AndroidManifest.xml:39:17-78
151-->[com.google.firebase:firebase-auth:21.2.0] AndroidManifest.xml:39:27-75
152
153                <data
153-->[com.google.firebase:firebase-auth:21.2.0] AndroidManifest.xml:41:17-44:51
154                    android:host="firebase.auth"
154-->[com.google.firebase:firebase-auth:21.2.0] AndroidManifest.xml:42:21-49
155                    android:path="/"
155-->[com.google.firebase:firebase-auth:21.2.0] AndroidManifest.xml:43:21-37
156                    android:scheme="genericidp" />
156-->[com.google.firebase:firebase-auth:21.2.0] AndroidManifest.xml:44:21-48
157            </intent-filter>
158        </activity>
159        <activity
159-->[com.google.firebase:firebase-auth:21.2.0] AndroidManifest.xml:47:9-64:20
160            android:name="com.google.firebase.auth.internal.RecaptchaActivity"
160-->[com.google.firebase:firebase-auth:21.2.0] AndroidManifest.xml:48:13-79
161            android:excludeFromRecents="true"
161-->[com.google.firebase:firebase-auth:21.2.0] AndroidManifest.xml:49:13-46
162            android:exported="true"
162-->[com.google.firebase:firebase-auth:21.2.0] AndroidManifest.xml:50:13-36
163            android:launchMode="singleTask"
163-->[com.google.firebase:firebase-auth:21.2.0] AndroidManifest.xml:51:13-44
164            android:theme="@android:style/Theme.Translucent.NoTitleBar" >
164-->[com.google.firebase:firebase-auth:21.2.0] AndroidManifest.xml:52:13-72
165            <intent-filter>
165-->[com.google.firebase:firebase-auth:21.2.0] AndroidManifest.xml:53:13-63:29
166                <action android:name="android.intent.action.VIEW" />
166-->[com.google.firebase:firebase-auth:21.2.0] AndroidManifest.xml:36:17-69
166-->[com.google.firebase:firebase-auth:21.2.0] AndroidManifest.xml:36:25-66
167
168                <category android:name="android.intent.category.DEFAULT" />
168-->[com.google.firebase:firebase-auth:21.2.0] AndroidManifest.xml:38:17-76
168-->[com.google.firebase:firebase-auth:21.2.0] AndroidManifest.xml:38:27-73
169                <category android:name="android.intent.category.BROWSABLE" />
169-->[com.google.firebase:firebase-auth:21.2.0] AndroidManifest.xml:39:17-78
169-->[com.google.firebase:firebase-auth:21.2.0] AndroidManifest.xml:39:27-75
170
171                <data
171-->[com.google.firebase:firebase-auth:21.2.0] AndroidManifest.xml:41:17-44:51
172                    android:host="firebase.auth"
172-->[com.google.firebase:firebase-auth:21.2.0] AndroidManifest.xml:42:21-49
173                    android:path="/"
173-->[com.google.firebase:firebase-auth:21.2.0] AndroidManifest.xml:43:21-37
174                    android:scheme="recaptcha" />
174-->[com.google.firebase:firebase-auth:21.2.0] AndroidManifest.xml:44:21-48
175            </intent-filter>
176        </activity>
177        <activity
177-->[com.google.android.gms:play-services-auth:20.5.0] AndroidManifest.xml:23:9-27:75
178            android:name="com.google.android.gms.auth.api.signin.internal.SignInHubActivity"
178-->[com.google.android.gms:play-services-auth:20.5.0] AndroidManifest.xml:24:13-93
179            android:excludeFromRecents="true"
179-->[com.google.android.gms:play-services-auth:20.5.0] AndroidManifest.xml:25:13-46
180            android:exported="false"
180-->[com.google.android.gms:play-services-auth:20.5.0] AndroidManifest.xml:26:13-37
181            android:theme="@android:style/Theme.Translucent.NoTitleBar" />
181-->[com.google.android.gms:play-services-auth:20.5.0] AndroidManifest.xml:27:13-72
182        <!--
183            Service handling Google Sign-In user revocation. For apps that do not integrate with
184            Google Sign-In, this service will never be started.
185        -->
186        <service
186-->[com.google.android.gms:play-services-auth:20.5.0] AndroidManifest.xml:33:9-37:51
187            android:name="com.google.android.gms.auth.api.signin.RevocationBoundService"
187-->[com.google.android.gms:play-services-auth:20.5.0] AndroidManifest.xml:34:13-89
188            android:exported="true"
188-->[com.google.android.gms:play-services-auth:20.5.0] AndroidManifest.xml:35:13-36
189            android:permission="com.google.android.gms.auth.api.signin.permission.REVOCATION_NOTIFICATION"
189-->[com.google.android.gms:play-services-auth:20.5.0] AndroidManifest.xml:36:13-107
190            android:visibleToInstantApps="true" />
190-->[com.google.android.gms:play-services-auth:20.5.0] AndroidManifest.xml:37:13-48
191
192        <meta-data
192-->[com.google.maps.android:android-maps-utils:3.8.2] AndroidManifest.xml:8:9-10:69
193            android:name="com.google.android.gms.version"
193-->[com.google.maps.android:android-maps-utils:3.8.2] AndroidManifest.xml:9:13-58
194            android:value="@integer/google_play_services_version" /> <!-- Needs to be explicitly declared on P+ -->
194-->[com.google.maps.android:android-maps-utils:3.8.2] AndroidManifest.xml:10:13-66
195        <uses-library
195-->[com.google.android.gms:play-services-maps:18.2.0] AndroidManifest.xml:39:9-41:40
196            android:name="org.apache.http.legacy"
196-->[com.google.android.gms:play-services-maps:18.2.0] AndroidManifest.xml:40:13-50
197            android:required="false" />
197-->[com.google.android.gms:play-services-maps:18.2.0] AndroidManifest.xml:41:13-37
198
199        <activity
199-->[com.google.android.gms:play-services-base:18.2.0] AndroidManifest.xml:20:9-22:45
200            android:name="com.google.android.gms.common.api.GoogleApiActivity"
200-->[com.google.android.gms:play-services-base:18.2.0] AndroidManifest.xml:20:19-85
201            android:exported="false"
201-->[com.google.android.gms:play-services-base:18.2.0] AndroidManifest.xml:22:19-43
202            android:theme="@android:style/Theme.Translucent.NoTitleBar" />
202-->[com.google.android.gms:play-services-base:18.2.0] AndroidManifest.xml:21:19-78
203
204        <provider
204-->[com.google.firebase:firebase-common:20.3.2] AndroidManifest.xml:25:9-30:39
205            android:name="com.google.firebase.provider.FirebaseInitProvider"
205-->[com.google.firebase:firebase-common:20.3.2] AndroidManifest.xml:26:13-77
206            android:authorities="com.maternitycare_demo.firebaseinitprovider"
206-->[com.google.firebase:firebase-common:20.3.2] AndroidManifest.xml:27:13-72
207            android:directBootAware="true"
207-->[com.google.firebase:firebase-common:20.3.2] AndroidManifest.xml:28:13-43
208            android:exported="false"
208-->[com.google.firebase:firebase-common:20.3.2] AndroidManifest.xml:29:13-37
209            android:initOrder="100" />
209-->[com.google.firebase:firebase-common:20.3.2] AndroidManifest.xml:30:13-36
210        <provider
210-->[androidx.work:work-runtime:2.7.1] AndroidManifest.xml:31:9-39:20
211            android:name="androidx.startup.InitializationProvider"
211-->[androidx.work:work-runtime:2.7.1] AndroidManifest.xml:32:13-67
212            android:authorities="com.maternitycare_demo.androidx-startup"
212-->[androidx.work:work-runtime:2.7.1] AndroidManifest.xml:33:13-68
213            android:exported="false" >
213-->[androidx.work:work-runtime:2.7.1] AndroidManifest.xml:34:13-37
214            <meta-data
214-->[androidx.work:work-runtime:2.7.1] AndroidManifest.xml:36:13-38:52
215                android:name="androidx.work.WorkManagerInitializer"
215-->[androidx.work:work-runtime:2.7.1] AndroidManifest.xml:37:17-68
216                android:value="androidx.startup" />
216-->[androidx.work:work-runtime:2.7.1] AndroidManifest.xml:38:17-49
217            <meta-data
217-->[androidx.emoji2:emoji2:1.2.0] AndroidManifest.xml:29:13-31:52
218                android:name="androidx.emoji2.text.EmojiCompatInitializer"
218-->[androidx.emoji2:emoji2:1.2.0] AndroidManifest.xml:30:17-75
219                android:value="androidx.startup" />
219-->[androidx.emoji2:emoji2:1.2.0] AndroidManifest.xml:31:17-49
220            <meta-data
220-->[androidx.lifecycle:lifecycle-process:2.4.1] AndroidManifest.xml:31:13-33:52
221                android:name="androidx.lifecycle.ProcessLifecycleInitializer"
221-->[androidx.lifecycle:lifecycle-process:2.4.1] AndroidManifest.xml:32:17-78
222                android:value="androidx.startup" />
222-->[androidx.lifecycle:lifecycle-process:2.4.1] AndroidManifest.xml:33:17-49
223        </provider>
224
225        <service
225-->[androidx.work:work-runtime:2.7.1] AndroidManifest.xml:41:9-46:35
226            android:name="androidx.work.impl.background.systemalarm.SystemAlarmService"
226-->[androidx.work:work-runtime:2.7.1] AndroidManifest.xml:42:13-88
227            android:directBootAware="false"
227-->[androidx.work:work-runtime:2.7.1] AndroidManifest.xml:43:13-44
228            android:enabled="@bool/enable_system_alarm_service_default"
228-->[androidx.work:work-runtime:2.7.1] AndroidManifest.xml:44:13-72
229            android:exported="false" />
229-->[androidx.work:work-runtime:2.7.1] AndroidManifest.xml:45:13-37
230        <service
230-->[androidx.work:work-runtime:2.7.1] AndroidManifest.xml:47:9-53:35
231            android:name="androidx.work.impl.background.systemjob.SystemJobService"
231-->[androidx.work:work-runtime:2.7.1] AndroidManifest.xml:48:13-84
232            android:directBootAware="false"
232-->[androidx.work:work-runtime:2.7.1] AndroidManifest.xml:49:13-44
233            android:enabled="@bool/enable_system_job_service_default"
233-->[androidx.work:work-runtime:2.7.1] AndroidManifest.xml:50:13-70
234            android:exported="true"
234-->[androidx.work:work-runtime:2.7.1] AndroidManifest.xml:51:13-36
235            android:permission="android.permission.BIND_JOB_SERVICE" />
235-->[androidx.work:work-runtime:2.7.1] AndroidManifest.xml:52:13-69
236        <service
236-->[androidx.work:work-runtime:2.7.1] AndroidManifest.xml:54:9-59:35
237            android:name="androidx.work.impl.foreground.SystemForegroundService"
237-->[androidx.work:work-runtime:2.7.1] AndroidManifest.xml:55:13-81
238            android:directBootAware="false"
238-->[androidx.work:work-runtime:2.7.1] AndroidManifest.xml:56:13-44
239            android:enabled="@bool/enable_system_foreground_service_default"
239-->[androidx.work:work-runtime:2.7.1] AndroidManifest.xml:57:13-77
240            android:exported="false" />
240-->[androidx.work:work-runtime:2.7.1] AndroidManifest.xml:58:13-37
241
242        <receiver
242-->[androidx.work:work-runtime:2.7.1] AndroidManifest.xml:61:9-66:35
243            android:name="androidx.work.impl.utils.ForceStopRunnable$BroadcastReceiver"
243-->[androidx.work:work-runtime:2.7.1] AndroidManifest.xml:62:13-88
244            android:directBootAware="false"
244-->[androidx.work:work-runtime:2.7.1] AndroidManifest.xml:63:13-44
245            android:enabled="true"
245-->[androidx.work:work-runtime:2.7.1] AndroidManifest.xml:64:13-35
246            android:exported="false" />
246-->[androidx.work:work-runtime:2.7.1] AndroidManifest.xml:65:13-37
247        <receiver
247-->[androidx.work:work-runtime:2.7.1] AndroidManifest.xml:67:9-77:20
248            android:name="androidx.work.impl.background.systemalarm.ConstraintProxy$BatteryChargingProxy"
248-->[androidx.work:work-runtime:2.7.1] AndroidManifest.xml:68:13-106
249            android:directBootAware="false"
249-->[androidx.work:work-runtime:2.7.1] AndroidManifest.xml:69:13-44
250            android:enabled="false"
250-->[androidx.work:work-runtime:2.7.1] AndroidManifest.xml:70:13-36
251            android:exported="false" >
251-->[androidx.work:work-runtime:2.7.1] AndroidManifest.xml:71:13-37
252            <intent-filter>
252-->[androidx.work:work-runtime:2.7.1] AndroidManifest.xml:73:13-76:29
253                <action android:name="android.intent.action.ACTION_POWER_CONNECTED" />
253-->[androidx.work:work-runtime:2.7.1] AndroidManifest.xml:74:17-87
253-->[androidx.work:work-runtime:2.7.1] AndroidManifest.xml:74:25-84
254                <action android:name="android.intent.action.ACTION_POWER_DISCONNECTED" />
254-->[androidx.work:work-runtime:2.7.1] AndroidManifest.xml:75:17-90
254-->[androidx.work:work-runtime:2.7.1] AndroidManifest.xml:75:25-87
255            </intent-filter>
256        </receiver>
257        <receiver
257-->[androidx.work:work-runtime:2.7.1] AndroidManifest.xml:78:9-88:20
258            android:name="androidx.work.impl.background.systemalarm.ConstraintProxy$BatteryNotLowProxy"
258-->[androidx.work:work-runtime:2.7.1] AndroidManifest.xml:79:13-104
259            android:directBootAware="false"
259-->[androidx.work:work-runtime:2.7.1] AndroidManifest.xml:80:13-44
260            android:enabled="false"
260-->[androidx.work:work-runtime:2.7.1] AndroidManifest.xml:81:13-36
261            android:exported="false" >
261-->[androidx.work:work-runtime:2.7.1] AndroidManifest.xml:82:13-37
262            <intent-filter>
262-->[androidx.work:work-runtime:2.7.1] AndroidManifest.xml:84:13-87:29
263                <action android:name="android.intent.action.BATTERY_OKAY" />
263-->[androidx.work:work-runtime:2.7.1] AndroidManifest.xml:85:17-77
263-->[androidx.work:work-runtime:2.7.1] AndroidManifest.xml:85:25-74
264                <action android:name="android.intent.action.BATTERY_LOW" />
264-->[androidx.work:work-runtime:2.7.1] AndroidManifest.xml:86:17-76
264-->[androidx.work:work-runtime:2.7.1] AndroidManifest.xml:86:25-73
265            </intent-filter>
266        </receiver>
267        <receiver
267-->[androidx.work:work-runtime:2.7.1] AndroidManifest.xml:89:9-99:20
268            android:name="androidx.work.impl.background.systemalarm.ConstraintProxy$StorageNotLowProxy"
268-->[androidx.work:work-runtime:2.7.1] AndroidManifest.xml:90:13-104
269            android:directBootAware="false"
269-->[androidx.work:work-runtime:2.7.1] AndroidManifest.xml:91:13-44
270            android:enabled="false"
270-->[androidx.work:work-runtime:2.7.1] AndroidManifest.xml:92:13-36
271            android:exported="false" >
271-->[androidx.work:work-runtime:2.7.1] AndroidManifest.xml:93:13-37